<?xml version="1.0" encoding="UTF-8"?>
<testsuite xmlns:xsi="http://www.w3.org/2001/XMLSchema-instance" xsi:noNamespaceSchemaLocation="https://maven.apache.org/surefire/maven-surefire-plugin/xsd/surefire-test-report-3.0.xsd" version="3.0" name="TestSuite" time="15.944" tests="17" errors="0" skipped="16" failures="1">
  <properties>
[...]
</properties>
  <testcase name="initiateBrowser" classname="TestCases_Package.OrderAndCartPageTestCases" time="15.183">
    <failure message="java.net.ConnectException: Failed to connect to localhost/[0:0:0:0:0:0:0:1]:7750&#10;Build info: version: &apos;3.141.59&apos;, revision: &apos;e82be7d358&apos;, time: &apos;2018-11-14T08:17:03&apos;&#10;System info: host: &apos;NX00605&apos;, ip: &apos;10.44.0.45&apos;, os.name: &apos;Windows 10&apos;, os.arch: &apos;amd64&apos;, os.version: &apos;10.0&apos;, java.version: &apos;17.0.7&apos;&#10;Driver info: driver.version: RemoteWebDriver" type="org.openqa.selenium.WebDriverException"><![CDATA[org.openqa.selenium.WebDriverException: 
java.net.ConnectException: Failed to connect to localhost/[0:0:0:0:0:0:0:1]:7750
Build info: version: '3.141.59', revision: 'e82be7d358', time: '2018-11-14T08:17:03'
System info: host: 'NX00605', ip: '10.44.0.45', os.name: 'Windows 10', os.arch: 'amd64', os.version: '10.0', java.version: '17.0.7'
Driver info: driver.version: RemoteWebDriver
	at TestCases_Package.OrderAndCartPageTestCases.initiateBrowser(OrderAndCartPageTestCases.java:23)
Caused by: java.net.ConnectException: Failed to connect to localhost/[0:0:0:0:0:0:0:1]:7750
	at TestCases_Package.OrderAndCartPageTestCases.initiateBrowser(OrderAndCartPageTestCases.java:23)
Caused by: java.net.ConnectException: Connection refused: no further information
	at TestCases_Package.OrderAndCartPageTestCases.initiateBrowser(OrderAndCartPageTestCases.java:23)
]]></failure>
    <system-err><![CDATA[SLF4J: Failed to load class "org.slf4j.impl.StaticLoggerBinder".
SLF4J: Defaulting to no-operation (NOP) logger implementation
SLF4J: See http://www.slf4j.org/codes.html#StaticLoggerBinder for further details.
Starting ChromeDriver 117.0.5938.149 (e3344ddefa12e60436fa28c81cf207c1afb4d0a9-refs/branch-heads/5938@{#1539}) on port 48705
Only local connections are allowed.
Please see https://chromedriver.chromium.org/security-considerations for suggestions on keeping ChromeDriver safe.
ChromeDriver was started successfully.
Oct 12, 2023 6:49:05 PM org.openqa.selenium.remote.ProtocolHandshake createSession
INFO: Detected dialect: W3C
Starting ChromeDriver 117.0.5938.149 (e3344ddefa12e60436fa28c81cf207c1afb4d0a9-refs/branch-heads/5938@{#1539}) on port 7750
Only local connections are allowed.
Please see https://chromedriver.chromium.org/security-considerations for suggestions on keeping ChromeDriver safe.
ChromeDriver was started successfully.
Oct 12, 2023 6:49:14 PM org.openqa.selenium.remote.ProtocolHandshake createSession
INFO: Detected dialect: W3C
[1697118557.260][WARNING]: Processing messages while being disconnected
]]></system-err>
  </testcase>
  <testcase name="VerifyplaceOrderofComputer" classname="TestCases_Package.OrderAndCartPageTestCases" time="0">
    <skipped message="java.net.ConnectException: Failed to connect to localhost/[0:0:0:0:0:0:0:1]:7750&#10;Build info: version: &apos;3.141.59&apos;, revision: &apos;e82be7d358&apos;, time: &apos;2018-11-14T08:17:03&apos;&#10;System info: host: &apos;NX00605&apos;, ip: &apos;10.44.0.45&apos;, os.name: &apos;Windows 10&apos;, os.arch: &apos;amd64&apos;, os.version: &apos;10.0&apos;, java.version: &apos;17.0.7&apos;&#10;Driver info: driver.version: RemoteWebDriver"/>
    <system-out><![CDATA[!!!! onTestSkipped Method: VerifyplaceOrderofComputer !!!!
]]></system-out>
  </testcase>
  <testcase name="Teardown" classname="TestCases_Package.OrderAndCartPageTestCases" time="0">
    <skipped/>
  </testcase>
  <testcase name="initiateBrowser" classname="TestCases_Package.ProdutctListingPageTestCases" time="0">
    <skipped/>
  </testcase>
  <testcase name="f" classname="TestCases_Package.ProdutctListingPageTestCases" time="0">
    <skipped message="java.net.ConnectException: Failed to connect to localhost/[0:0:0:0:0:0:0:1]:7750&#10;Build info: version: &apos;3.141.59&apos;, revision: &apos;e82be7d358&apos;, time: &apos;2018-11-14T08:17:03&apos;&#10;System info: host: &apos;NX00605&apos;, ip: &apos;10.44.0.45&apos;, os.name: &apos;Windows 10&apos;, os.arch: &apos;amd64&apos;, os.version: &apos;10.0&apos;, java.version: &apos;17.0.7&apos;&#10;Driver info: driver.version: RemoteWebDriver"/>
    <system-out><![CDATA[!!!! onTestSkipped Method: f !!!!
]]></system-out>
  </testcase>
  <testcase name="TearDown" classname="TestCases_Package.ProdutctListingPageTestCases" time="0">
    <skipped/>
  </testcase>
  <testcase name="beforeMethod" classname="TestCases_Package.ReviewPageTestCases" time="0">
    <skipped/>
  </testcase>
  <testcase name="userIsAbleToSubmittReviweForDesktop" classname="TestCases_Package.ReviewPageTestCases" time="0">
    <skipped message="java.net.ConnectException: Failed to connect to localhost/[0:0:0:0:0:0:0:1]:7750&#10;Build info: version: &apos;3.141.59&apos;, revision: &apos;e82be7d358&apos;, time: &apos;2018-11-14T08:17:03&apos;&#10;System info: host: &apos;NX00605&apos;, ip: &apos;10.44.0.45&apos;, os.name: &apos;Windows 10&apos;, os.arch: &apos;amd64&apos;, os.version: &apos;10.0&apos;, java.version: &apos;17.0.7&apos;&#10;Driver info: driver.version: RemoteWebDriver"/>
    <system-out><![CDATA[!!!! onTestSkipped Method: userIsAbleToSubmittReviweForDesktop !!!!
]]></system-out>
  </testcase>
  <testcase name="Teardown" classname="TestCases_Package.ReviewPageTestCases" time="0">
    <skipped/>
  </testcase>
  <testcase name="initiateBrowser" classname="TestCases_Package.SignupPageTestCases" time="0">
    <skipped/>
  </testcase>
  <testcase name="Testcases_ToRegisterUserSuccessfully" classname="TestCases_Package.SignupPageTestCases" time="0">
    <skipped message="java.net.ConnectException: Failed to connect to localhost/[0:0:0:0:0:0:0:1]:7750&#10;Build info: version: &apos;3.141.59&apos;, revision: &apos;e82be7d358&apos;, time: &apos;2018-11-14T08:17:03&apos;&#10;System info: host: &apos;NX00605&apos;, ip: &apos;10.44.0.45&apos;, os.name: &apos;Windows 10&apos;, os.arch: &apos;amd64&apos;, os.version: &apos;10.0&apos;, java.version: &apos;17.0.7&apos;&#10;Driver info: driver.version: RemoteWebDriver"/>
    <system-out><![CDATA[!!!! onTestSkipped Method: Testcases_ToRegisterUserSuccessfully !!!!
]]></system-out>
  </testcase>
  <testcase name="Teardown" classname="TestCases_Package.SignupPageTestCases" time="0">
    <skipped/>
  </testcase>
  <testcase name="Testcase_VerifyLoginwith_bothWrongEmailandPassword" classname="TestCases_Package.LoginTestcases" time="0">
    <skipped message="java.net.ConnectException: Failed to connect to localhost/[0:0:0:0:0:0:0:1]:7750&#10;Build info: version: &apos;3.141.59&apos;, revision: &apos;e82be7d358&apos;, time: &apos;2018-11-14T08:17:03&apos;&#10;System info: host: &apos;NX00605&apos;, ip: &apos;10.44.0.45&apos;, os.name: &apos;Windows 10&apos;, os.arch: &apos;amd64&apos;, os.version: &apos;10.0&apos;, java.version: &apos;17.0.7&apos;&#10;Driver info: driver.version: RemoteWebDriver"/>
    <system-out><![CDATA[!!!! onTestSkipped Method: Testcase_VerifyLoginwith_bothWrongEmailandPassword !!!!
]]></system-out>
  </testcase>
  <testcase name="Testcase_VerifyLoginwith_bothCorrectEmailandPassword" classname="TestCases_Package.LoginTestcases" time="0">
    <skipped message="java.net.ConnectException: Failed to connect to localhost/[0:0:0:0:0:0:0:1]:7750&#10;Build info: version: &apos;3.141.59&apos;, revision: &apos;e82be7d358&apos;, time: &apos;2018-11-14T08:17:03&apos;&#10;System info: host: &apos;NX00605&apos;, ip: &apos;10.44.0.45&apos;, os.name: &apos;Windows 10&apos;, os.arch: &apos;amd64&apos;, os.version: &apos;10.0&apos;, java.version: &apos;17.0.7&apos;&#10;Driver info: driver.version: RemoteWebDriver"/>
    <system-out><![CDATA[!!!! onTestSkipped Method: Testcase_VerifyLoginwith_bothCorrectEmailandPassword !!!!
]]></system-out>
  </testcase>
  <testcase name="usingSession_VerifyUserDoesnotExistInSystem_SignupNewForAccount" classname="TestCases_Package.LoginTestcases" time="0">
    <skipped message="java.net.ConnectException: Failed to connect to localhost/[0:0:0:0:0:0:0:1]:7750&#10;Build info: version: &apos;3.141.59&apos;, revision: &apos;e82be7d358&apos;, time: &apos;2018-11-14T08:17:03&apos;&#10;System info: host: &apos;NX00605&apos;, ip: &apos;10.44.0.45&apos;, os.name: &apos;Windows 10&apos;, os.arch: &apos;amd64&apos;, os.version: &apos;10.0&apos;, java.version: &apos;17.0.7&apos;&#10;Driver info: driver.version: RemoteWebDriver"/>
    <system-out><![CDATA[!!!! onTestSkipped Method: usingSession_VerifyUserDoesnotExistInSystem_SignupNewForAccount !!!!
]]></system-out>
  </testcase>
  <testcase name="Verify_UserDoesnotExistInSystem_SignupNewForAccount" classname="TestCases_Package.LoginTestcases" time="0">
    <skipped message="java.net.ConnectException: Failed to connect to localhost/[0:0:0:0:0:0:0:1]:7750&#10;Build info: version: &apos;3.141.59&apos;, revision: &apos;e82be7d358&apos;, time: &apos;2018-11-14T08:17:03&apos;&#10;System info: host: &apos;NX00605&apos;, ip: &apos;10.44.0.45&apos;, os.name: &apos;Windows 10&apos;, os.arch: &apos;amd64&apos;, os.version: &apos;10.0&apos;, java.version: &apos;17.0.7&apos;&#10;Driver info: driver.version: RemoteWebDriver"/>
    <system-out><![CDATA[!!!! onTestSkipped Method: Verify_UserDoesnotExistInSystem_SignupNewForAccount !!!!
]]></system-out>
  </testcase>
  <testcase name="Teardown" classname="TestCases_Package.LoginTestcases" time="0">
    <skipped/>
  </testcase>
</testsuite>