<?xml version="1.0" encoding="UTF-8"?>
<testsuite xmlns:xsi="http://www.w3.org/2001/XMLSchema-instance" xsi:noNamespaceSchemaLocation="https://maven.apache.org/surefire/maven-surefire-plugin/xsd/surefire-test-report-3.0.xsd" version="3.0" name="TestSuite" time="23.99" tests="22" errors="0" skipped="20" failures="2">
  <properties>
[...]
</properties>
  <testcase name="initiateBrowser" classname="TestCases_Package.LoginTestcases" time="15.129">
    <failure message="Error communicating with the remote browser. It may have died.&#10;Build info: version: &apos;4.19.1&apos;, revision: &apos;abe0ee07dc&apos;&#10;System info: os.name: &apos;Windows 10&apos;, os.arch: &apos;amd64&apos;, os.version: &apos;10.0&apos;, java.version: &apos;17.0.7&apos;&#10;Driver info: org.openqa.selenium.chrome.ChromeDriver&#10;Command: [f33bfe72f71dd38d5809c3b7ea4b65de, get [url]]&#10;Capabilities {acceptInsecureCerts: false, browserName: chrome, browserVersion: 124.0.6367.79, chrome: {chromedriverVersion: 124.0.6367.78 (a087f2dd364d..., userDataDir: C:\Users\WAQAS~1.NAS\AppDat...}, fedcm:accounts: true, goog:chromeOptions: {debuggerAddress: localhost:59037}, networkConnectionEnabled: false, pageLoadStrategy: normal, platformName: windows, proxy: Proxy(), se:cdp: ws://localhost:59037/devtoo..., se:cdpVersion: 124.0.6367.79, setWindowRect: true, strictFileInteractability: false, timeouts: {implicit: 0, pageLoad: 300000, script: 30000}, unhandledPromptBehavior: dismiss and notify, webauthn:extension:credBlob: true, webauthn:extension:largeBlob: true, webauthn:extension:minPinLength: true, webauthn:extension:prf: true, webauthn:virtualAuthenticators: true}&#10;Session ID: f33bfe72f71dd38d5809c3b7ea4b65de" type="org.openqa.selenium.remote.UnreachableBrowserException"><![CDATA[org.openqa.selenium.remote.UnreachableBrowserException: 
Error communicating with the remote browser. It may have died.
Build info: version: '4.19.1', revision: 'abe0ee07dc'
System info: os.name: 'Windows 10', os.arch: 'amd64', os.version: '10.0', java.version: '17.0.7'
Driver info: org.openqa.selenium.chrome.ChromeDriver
Command: [f33bfe72f71dd38d5809c3b7ea4b65de, get [url]]
Capabilities {acceptInsecureCerts: false, browserName: chrome, browserVersion: 124.0.6367.79, chrome: {chromedriverVersion: 124.0.6367.78 (a087f2dd364d..., userDataDir: C:\Users\WAQAS~1.NAS\AppDat...}, fedcm:accounts: true, goog:chromeOptions: {debuggerAddress: localhost:59037}, networkConnectionEnabled: false, pageLoadStrategy: normal, platformName: windows, proxy: Proxy(), se:cdp: ws://localhost:59037/devtoo..., se:cdpVersion: 124.0.6367.79, setWindowRect: true, strictFileInteractability: false, timeouts: {implicit: 0, pageLoad: 300000, script: 30000}, unhandledPromptBehavior: dismiss and notify, webauthn:extension:credBlob: true, webauthn:extension:largeBlob: true, webauthn:extension:minPinLength: true, webauthn:extension:prf: true, webauthn:virtualAuthenticators: true}
Session ID: f33bfe72f71dd38d5809c3b7ea4b65de
	at TestCases_Package.LoginTestcases.initiateBrowser(LoginTestcases.java:37)
Caused by: java.io.UncheckedIOException: java.io.IOException: HTTP/1.1 header parser received no bytes
	at TestCases_Package.LoginTestcases.initiateBrowser(LoginTestcases.java:37)
Caused by: java.io.IOException: HTTP/1.1 header parser received no bytes
Caused by: java.net.SocketException: Connection reset
]]></failure>
    <system-err><![CDATA[SLF4J: Failed to load class "org.slf4j.impl.StaticLoggerBinder".
SLF4J: Defaulting to no-operation (NOP) logger implementation
SLF4J: See http://www.slf4j.org/codes.html#StaticLoggerBinder for further details.
Apr 25, 2024 1:32:43 PM org.openqa.selenium.devtools.CdpVersionFinder findNearestMatch
WARNING: Unable to find an exact match for CDP version 124, returning the closest version; found: 123; Please update to a Selenium version that supports CDP version 124
]]></system-err>
  </testcase>
  <testcase name="Testcase_VerifyLoginwith_bothWrongEmailandPassword" classname="TestCases_Package.LoginTestcases" time="0">
    <skipped message="Error communicating with the remote browser. It may have died.&#10;Build info: version: &apos;4.19.1&apos;, revision: &apos;abe0ee07dc&apos;&#10;System info: os.name: &apos;Windows 10&apos;, os.arch: &apos;amd64&apos;, os.version: &apos;10.0&apos;, java.version: &apos;17.0.7&apos;&#10;Driver info: org.openqa.selenium.chrome.ChromeDriver&#10;Command: [f33bfe72f71dd38d5809c3b7ea4b65de, get [url]]&#10;Capabilities {acceptInsecureCerts: false, browserName: chrome, browserVersion: 124.0.6367.79, chrome: {chromedriverVersion: 124.0.6367.78 (a087f2dd364d..., userDataDir: C:\Users\WAQAS~1.NAS\AppDat...}, fedcm:accounts: true, goog:chromeOptions: {debuggerAddress: localhost:59037}, networkConnectionEnabled: false, pageLoadStrategy: normal, platformName: windows, proxy: Proxy(), se:cdp: ws://localhost:59037/devtoo..., se:cdpVersion: 124.0.6367.79, setWindowRect: true, strictFileInteractability: false, timeouts: {implicit: 0, pageLoad: 300000, script: 30000}, unhandledPromptBehavior: dismiss and notify, webauthn:extension:credBlob: true, webauthn:extension:largeBlob: true, webauthn:extension:minPinLength: true, webauthn:extension:prf: true, webauthn:virtualAuthenticators: true}&#10;Session ID: f33bfe72f71dd38d5809c3b7ea4b65de"/>
    <system-out><![CDATA[!!!! onTestSkipped Method: Testcase_VerifyLoginwith_bothWrongEmailandPassword !!!!
]]></system-out>
  </testcase>
  <testcase name="Testcase_VerifyLoginwith_bothWrongEmailandPassword" classname="TestCases_Package.LoginTestcases" time="0">
    <skipped message="Error communicating with the remote browser. It may have died.&#10;Build info: version: &apos;4.19.1&apos;, revision: &apos;abe0ee07dc&apos;&#10;System info: os.name: &apos;Windows 10&apos;, os.arch: &apos;amd64&apos;, os.version: &apos;10.0&apos;, java.version: &apos;17.0.7&apos;&#10;Driver info: org.openqa.selenium.chrome.ChromeDriver&#10;Command: [f33bfe72f71dd38d5809c3b7ea4b65de, get [url]]&#10;Capabilities {acceptInsecureCerts: false, browserName: chrome, browserVersion: 124.0.6367.79, chrome: {chromedriverVersion: 124.0.6367.78 (a087f2dd364d..., userDataDir: C:\Users\WAQAS~1.NAS\AppDat...}, fedcm:accounts: true, goog:chromeOptions: {debuggerAddress: localhost:59037}, networkConnectionEnabled: false, pageLoadStrategy: normal, platformName: windows, proxy: Proxy(), se:cdp: ws://localhost:59037/devtoo..., se:cdpVersion: 124.0.6367.79, setWindowRect: true, strictFileInteractability: false, timeouts: {implicit: 0, pageLoad: 300000, script: 30000}, unhandledPromptBehavior: dismiss and notify, webauthn:extension:credBlob: true, webauthn:extension:largeBlob: true, webauthn:extension:minPinLength: true, webauthn:extension:prf: true, webauthn:virtualAuthenticators: true}&#10;Session ID: f33bfe72f71dd38d5809c3b7ea4b65de"/>
    <system-out><![CDATA[!!!! onTestSkipped Method: Testcase_VerifyLoginwith_bothWrongEmailandPassword !!!!
]]></system-out>
  </testcase>
  <testcase name="Testcase_VerifyLoginwith_bothWrongEmailandPassword" classname="TestCases_Package.LoginTestcases" time="0">
    <skipped message="Error communicating with the remote browser. It may have died.&#10;Build info: version: &apos;4.19.1&apos;, revision: &apos;abe0ee07dc&apos;&#10;System info: os.name: &apos;Windows 10&apos;, os.arch: &apos;amd64&apos;, os.version: &apos;10.0&apos;, java.version: &apos;17.0.7&apos;&#10;Driver info: org.openqa.selenium.chrome.ChromeDriver&#10;Command: [f33bfe72f71dd38d5809c3b7ea4b65de, get [url]]&#10;Capabilities {acceptInsecureCerts: false, browserName: chrome, browserVersion: 124.0.6367.79, chrome: {chromedriverVersion: 124.0.6367.78 (a087f2dd364d..., userDataDir: C:\Users\WAQAS~1.NAS\AppDat...}, fedcm:accounts: true, goog:chromeOptions: {debuggerAddress: localhost:59037}, networkConnectionEnabled: false, pageLoadStrategy: normal, platformName: windows, proxy: Proxy(), se:cdp: ws://localhost:59037/devtoo..., se:cdpVersion: 124.0.6367.79, setWindowRect: true, strictFileInteractability: false, timeouts: {implicit: 0, pageLoad: 300000, script: 30000}, unhandledPromptBehavior: dismiss and notify, webauthn:extension:credBlob: true, webauthn:extension:largeBlob: true, webauthn:extension:minPinLength: true, webauthn:extension:prf: true, webauthn:virtualAuthenticators: true}&#10;Session ID: f33bfe72f71dd38d5809c3b7ea4b65de"/>
    <system-out><![CDATA[!!!! onTestSkipped Method: Testcase_VerifyLoginwith_bothWrongEmailandPassword !!!!
]]></system-out>
  </testcase>
  <testcase name="Testcase_VerifyLoginwith_bothWrongEmailandPassword" classname="TestCases_Package.LoginTestcases" time="0">
    <skipped message="Error communicating with the remote browser. It may have died.&#10;Build info: version: &apos;4.19.1&apos;, revision: &apos;abe0ee07dc&apos;&#10;System info: os.name: &apos;Windows 10&apos;, os.arch: &apos;amd64&apos;, os.version: &apos;10.0&apos;, java.version: &apos;17.0.7&apos;&#10;Driver info: org.openqa.selenium.chrome.ChromeDriver&#10;Command: [f33bfe72f71dd38d5809c3b7ea4b65de, get [url]]&#10;Capabilities {acceptInsecureCerts: false, browserName: chrome, browserVersion: 124.0.6367.79, chrome: {chromedriverVersion: 124.0.6367.78 (a087f2dd364d..., userDataDir: C:\Users\WAQAS~1.NAS\AppDat...}, fedcm:accounts: true, goog:chromeOptions: {debuggerAddress: localhost:59037}, networkConnectionEnabled: false, pageLoadStrategy: normal, platformName: windows, proxy: Proxy(), se:cdp: ws://localhost:59037/devtoo..., se:cdpVersion: 124.0.6367.79, setWindowRect: true, strictFileInteractability: false, timeouts: {implicit: 0, pageLoad: 300000, script: 30000}, unhandledPromptBehavior: dismiss and notify, webauthn:extension:credBlob: true, webauthn:extension:largeBlob: true, webauthn:extension:minPinLength: true, webauthn:extension:prf: true, webauthn:virtualAuthenticators: true}&#10;Session ID: f33bfe72f71dd38d5809c3b7ea4b65de"/>
    <system-out><![CDATA[!!!! onTestSkipped Method: Testcase_VerifyLoginwith_bothWrongEmailandPassword !!!!
]]></system-out>
  </testcase>
  <testcase name="Testcase_VerifyLoginwith_bothWrongEmailandPassword" classname="TestCases_Package.LoginTestcases" time="0">
    <skipped message="Error communicating with the remote browser. It may have died.&#10;Build info: version: &apos;4.19.1&apos;, revision: &apos;abe0ee07dc&apos;&#10;System info: os.name: &apos;Windows 10&apos;, os.arch: &apos;amd64&apos;, os.version: &apos;10.0&apos;, java.version: &apos;17.0.7&apos;&#10;Driver info: org.openqa.selenium.chrome.ChromeDriver&#10;Command: [f33bfe72f71dd38d5809c3b7ea4b65de, get [url]]&#10;Capabilities {acceptInsecureCerts: false, browserName: chrome, browserVersion: 124.0.6367.79, chrome: {chromedriverVersion: 124.0.6367.78 (a087f2dd364d..., userDataDir: C:\Users\WAQAS~1.NAS\AppDat...}, fedcm:accounts: true, goog:chromeOptions: {debuggerAddress: localhost:59037}, networkConnectionEnabled: false, pageLoadStrategy: normal, platformName: windows, proxy: Proxy(), se:cdp: ws://localhost:59037/devtoo..., se:cdpVersion: 124.0.6367.79, setWindowRect: true, strictFileInteractability: false, timeouts: {implicit: 0, pageLoad: 300000, script: 30000}, unhandledPromptBehavior: dismiss and notify, webauthn:extension:credBlob: true, webauthn:extension:largeBlob: true, webauthn:extension:minPinLength: true, webauthn:extension:prf: true, webauthn:virtualAuthenticators: true}&#10;Session ID: f33bfe72f71dd38d5809c3b7ea4b65de"/>
    <system-out><![CDATA[!!!! onTestSkipped Method: Testcase_VerifyLoginwith_bothWrongEmailandPassword !!!!
]]></system-out>
  </testcase>
  <testcase name="Testcase_VerifyLoginwith_bothCorrectEmailandPassword" classname="TestCases_Package.LoginTestcases" time="0">
    <skipped message="Error communicating with the remote browser. It may have died.&#10;Build info: version: &apos;4.19.1&apos;, revision: &apos;abe0ee07dc&apos;&#10;System info: os.name: &apos;Windows 10&apos;, os.arch: &apos;amd64&apos;, os.version: &apos;10.0&apos;, java.version: &apos;17.0.7&apos;&#10;Driver info: org.openqa.selenium.chrome.ChromeDriver&#10;Command: [f33bfe72f71dd38d5809c3b7ea4b65de, get [url]]&#10;Capabilities {acceptInsecureCerts: false, browserName: chrome, browserVersion: 124.0.6367.79, chrome: {chromedriverVersion: 124.0.6367.78 (a087f2dd364d..., userDataDir: C:\Users\WAQAS~1.NAS\AppDat...}, fedcm:accounts: true, goog:chromeOptions: {debuggerAddress: localhost:59037}, networkConnectionEnabled: false, pageLoadStrategy: normal, platformName: windows, proxy: Proxy(), se:cdp: ws://localhost:59037/devtoo..., se:cdpVersion: 124.0.6367.79, setWindowRect: true, strictFileInteractability: false, timeouts: {implicit: 0, pageLoad: 300000, script: 30000}, unhandledPromptBehavior: dismiss and notify, webauthn:extension:credBlob: true, webauthn:extension:largeBlob: true, webauthn:extension:minPinLength: true, webauthn:extension:prf: true, webauthn:virtualAuthenticators: true}&#10;Session ID: f33bfe72f71dd38d5809c3b7ea4b65de"/>
    <system-out><![CDATA[!!!! onTestSkipped Method: Testcase_VerifyLoginwith_bothCorrectEmailandPassword !!!!
]]></system-out>
  </testcase>
  <testcase name="usingSession_VerifyUserDoesnotExistInSystem_SignupNewForAccount" classname="TestCases_Package.LoginTestcases" time="0">
    <skipped message="Error communicating with the remote browser. It may have died.&#10;Build info: version: &apos;4.19.1&apos;, revision: &apos;abe0ee07dc&apos;&#10;System info: os.name: &apos;Windows 10&apos;, os.arch: &apos;amd64&apos;, os.version: &apos;10.0&apos;, java.version: &apos;17.0.7&apos;&#10;Driver info: org.openqa.selenium.chrome.ChromeDriver&#10;Command: [f33bfe72f71dd38d5809c3b7ea4b65de, get [url]]&#10;Capabilities {acceptInsecureCerts: false, browserName: chrome, browserVersion: 124.0.6367.79, chrome: {chromedriverVersion: 124.0.6367.78 (a087f2dd364d..., userDataDir: C:\Users\WAQAS~1.NAS\AppDat...}, fedcm:accounts: true, goog:chromeOptions: {debuggerAddress: localhost:59037}, networkConnectionEnabled: false, pageLoadStrategy: normal, platformName: windows, proxy: Proxy(), se:cdp: ws://localhost:59037/devtoo..., se:cdpVersion: 124.0.6367.79, setWindowRect: true, strictFileInteractability: false, timeouts: {implicit: 0, pageLoad: 300000, script: 30000}, unhandledPromptBehavior: dismiss and notify, webauthn:extension:credBlob: true, webauthn:extension:largeBlob: true, webauthn:extension:minPinLength: true, webauthn:extension:prf: true, webauthn:virtualAuthenticators: true}&#10;Session ID: f33bfe72f71dd38d5809c3b7ea4b65de"/>
    <system-out><![CDATA[!!!! onTestSkipped Method: usingSession_VerifyUserDoesnotExistInSystem_SignupNewForAccount !!!!
]]></system-out>
  </testcase>
  <testcase name="Verify_UserDoesnotExistInSystem_SignupNewForAccount" classname="TestCases_Package.LoginTestcases" time="0">
    <skipped message="Error communicating with the remote browser. It may have died.&#10;Build info: version: &apos;4.19.1&apos;, revision: &apos;abe0ee07dc&apos;&#10;System info: os.name: &apos;Windows 10&apos;, os.arch: &apos;amd64&apos;, os.version: &apos;10.0&apos;, java.version: &apos;17.0.7&apos;&#10;Driver info: org.openqa.selenium.chrome.ChromeDriver&#10;Command: [f33bfe72f71dd38d5809c3b7ea4b65de, get [url]]&#10;Capabilities {acceptInsecureCerts: false, browserName: chrome, browserVersion: 124.0.6367.79, chrome: {chromedriverVersion: 124.0.6367.78 (a087f2dd364d..., userDataDir: C:\Users\WAQAS~1.NAS\AppDat...}, fedcm:accounts: true, goog:chromeOptions: {debuggerAddress: localhost:59037}, networkConnectionEnabled: false, pageLoadStrategy: normal, platformName: windows, proxy: Proxy(), se:cdp: ws://localhost:59037/devtoo..., se:cdpVersion: 124.0.6367.79, setWindowRect: true, strictFileInteractability: false, timeouts: {implicit: 0, pageLoad: 300000, script: 30000}, unhandledPromptBehavior: dismiss and notify, webauthn:extension:credBlob: true, webauthn:extension:largeBlob: true, webauthn:extension:minPinLength: true, webauthn:extension:prf: true, webauthn:virtualAuthenticators: true}&#10;Session ID: f33bfe72f71dd38d5809c3b7ea4b65de"/>
    <system-out><![CDATA[!!!! onTestSkipped Method: Verify_UserDoesnotExistInSystem_SignupNewForAccount !!!!
]]></system-out>
  </testcase>
  <testcase name="Teardown" classname="TestCases_Package.LoginTestcases" time="0">
    <skipped/>
  </testcase>
  <testcase name="initiateBrowser" classname="TestCases_Package.OrderAndCartPageTestCases" time="0">
    <skipped/>
  </testcase>
  <testcase name="VerifyplaceOrderOfAppleLaptop" classname="TestCases_Package.OrderAndCartPageTestCases" time="0">
    <skipped message="Error communicating with the remote browser. It may have died.&#10;Build info: version: &apos;4.19.1&apos;, revision: &apos;abe0ee07dc&apos;&#10;System info: os.name: &apos;Windows 10&apos;, os.arch: &apos;amd64&apos;, os.version: &apos;10.0&apos;, java.version: &apos;17.0.7&apos;&#10;Driver info: org.openqa.selenium.chrome.ChromeDriver&#10;Command: [f33bfe72f71dd38d5809c3b7ea4b65de, get [url]]&#10;Capabilities {acceptInsecureCerts: false, browserName: chrome, browserVersion: 124.0.6367.79, chrome: {chromedriverVersion: 124.0.6367.78 (a087f2dd364d..., userDataDir: C:\Users\WAQAS~1.NAS\AppDat...}, fedcm:accounts: true, goog:chromeOptions: {debuggerAddress: localhost:59037}, networkConnectionEnabled: false, pageLoadStrategy: normal, platformName: windows, proxy: Proxy(), se:cdp: ws://localhost:59037/devtoo..., se:cdpVersion: 124.0.6367.79, setWindowRect: true, strictFileInteractability: false, timeouts: {implicit: 0, pageLoad: 300000, script: 30000}, unhandledPromptBehavior: dismiss and notify, webauthn:extension:credBlob: true, webauthn:extension:largeBlob: true, webauthn:extension:minPinLength: true, webauthn:extension:prf: true, webauthn:virtualAuthenticators: true}&#10;Session ID: f33bfe72f71dd38d5809c3b7ea4b65de"/>
    <system-out><![CDATA[!!!! onTestSkipped Method: VerifyplaceOrderOfAppleLaptop !!!!
]]></system-out>
  </testcase>
  <testcase name="VerifyplaceOrderOfDesktop" classname="TestCases_Package.OrderAndCartPageTestCases" time="0">
    <skipped message="Error communicating with the remote browser. It may have died.&#10;Build info: version: &apos;4.19.1&apos;, revision: &apos;abe0ee07dc&apos;&#10;System info: os.name: &apos;Windows 10&apos;, os.arch: &apos;amd64&apos;, os.version: &apos;10.0&apos;, java.version: &apos;17.0.7&apos;&#10;Driver info: org.openqa.selenium.chrome.ChromeDriver&#10;Command: [f33bfe72f71dd38d5809c3b7ea4b65de, get [url]]&#10;Capabilities {acceptInsecureCerts: false, browserName: chrome, browserVersion: 124.0.6367.79, chrome: {chromedriverVersion: 124.0.6367.78 (a087f2dd364d..., userDataDir: C:\Users\WAQAS~1.NAS\AppDat...}, fedcm:accounts: true, goog:chromeOptions: {debuggerAddress: localhost:59037}, networkConnectionEnabled: false, pageLoadStrategy: normal, platformName: windows, proxy: Proxy(), se:cdp: ws://localhost:59037/devtoo..., se:cdpVersion: 124.0.6367.79, setWindowRect: true, strictFileInteractability: false, timeouts: {implicit: 0, pageLoad: 300000, script: 30000}, unhandledPromptBehavior: dismiss and notify, webauthn:extension:credBlob: true, webauthn:extension:largeBlob: true, webauthn:extension:minPinLength: true, webauthn:extension:prf: true, webauthn:virtualAuthenticators: true}&#10;Session ID: f33bfe72f71dd38d5809c3b7ea4b65de"/>
    <system-out><![CDATA[!!!! onTestSkipped Method: VerifyplaceOrderOfDesktop !!!!
]]></system-out>
  </testcase>
  <testcase name="VerifyplaceOrderofMobilePhone" classname="TestCases_Package.OrderAndCartPageTestCases" time="0">
    <skipped message="Error communicating with the remote browser. It may have died.&#10;Build info: version: &apos;4.19.1&apos;, revision: &apos;abe0ee07dc&apos;&#10;System info: os.name: &apos;Windows 10&apos;, os.arch: &apos;amd64&apos;, os.version: &apos;10.0&apos;, java.version: &apos;17.0.7&apos;&#10;Driver info: org.openqa.selenium.chrome.ChromeDriver&#10;Command: [f33bfe72f71dd38d5809c3b7ea4b65de, get [url]]&#10;Capabilities {acceptInsecureCerts: false, browserName: chrome, browserVersion: 124.0.6367.79, chrome: {chromedriverVersion: 124.0.6367.78 (a087f2dd364d..., userDataDir: C:\Users\WAQAS~1.NAS\AppDat...}, fedcm:accounts: true, goog:chromeOptions: {debuggerAddress: localhost:59037}, networkConnectionEnabled: false, pageLoadStrategy: normal, platformName: windows, proxy: Proxy(), se:cdp: ws://localhost:59037/devtoo..., se:cdpVersion: 124.0.6367.79, setWindowRect: true, strictFileInteractability: false, timeouts: {implicit: 0, pageLoad: 300000, script: 30000}, unhandledPromptBehavior: dismiss and notify, webauthn:extension:credBlob: true, webauthn:extension:largeBlob: true, webauthn:extension:minPinLength: true, webauthn:extension:prf: true, webauthn:virtualAuthenticators: true}&#10;Session ID: f33bfe72f71dd38d5809c3b7ea4b65de"/>
    <system-out><![CDATA[!!!! onTestSkipped Method: VerifyplaceOrderofMobilePhone !!!!
]]></system-out>
  </testcase>
  <testcase name="VerifythatUserIsAbleToUpdateShoppingCart" classname="TestCases_Package.OrderAndCartPageTestCases" time="0">
    <skipped message="Error communicating with the remote browser. It may have died.&#10;Build info: version: &apos;4.19.1&apos;, revision: &apos;abe0ee07dc&apos;&#10;System info: os.name: &apos;Windows 10&apos;, os.arch: &apos;amd64&apos;, os.version: &apos;10.0&apos;, java.version: &apos;17.0.7&apos;&#10;Driver info: org.openqa.selenium.chrome.ChromeDriver&#10;Command: [f33bfe72f71dd38d5809c3b7ea4b65de, get [url]]&#10;Capabilities {acceptInsecureCerts: false, browserName: chrome, browserVersion: 124.0.6367.79, chrome: {chromedriverVersion: 124.0.6367.78 (a087f2dd364d..., userDataDir: C:\Users\WAQAS~1.NAS\AppDat...}, fedcm:accounts: true, goog:chromeOptions: {debuggerAddress: localhost:59037}, networkConnectionEnabled: false, pageLoadStrategy: normal, platformName: windows, proxy: Proxy(), se:cdp: ws://localhost:59037/devtoo..., se:cdpVersion: 124.0.6367.79, setWindowRect: true, strictFileInteractability: false, timeouts: {implicit: 0, pageLoad: 300000, script: 30000}, unhandledPromptBehavior: dismiss and notify, webauthn:extension:credBlob: true, webauthn:extension:largeBlob: true, webauthn:extension:minPinLength: true, webauthn:extension:prf: true, webauthn:virtualAuthenticators: true}&#10;Session ID: f33bfe72f71dd38d5809c3b7ea4b65de"/>
    <system-out><![CDATA[!!!! onTestSkipped Method: VerifythatUserIsAbleToUpdateShoppingCart !!!!
]]></system-out>
  </testcase>
  <testcase name="Teardown" classname="TestCases_Package.OrderAndCartPageTestCases" time="0">
    <skipped/>
  </testcase>
  <testcase name="initiateBrowser" classname="TestCases_Package.SignupPageTestCases" time="0">
    <skipped/>
  </testcase>
  <testcase name="Testcases_ToVerifyRegisterUserSuccessfully" classname="TestCases_Package.SignupPageTestCases" time="0">
    <skipped message="Error communicating with the remote browser. It may have died.&#10;Build info: version: &apos;4.19.1&apos;, revision: &apos;abe0ee07dc&apos;&#10;System info: os.name: &apos;Windows 10&apos;, os.arch: &apos;amd64&apos;, os.version: &apos;10.0&apos;, java.version: &apos;17.0.7&apos;&#10;Driver info: org.openqa.selenium.chrome.ChromeDriver&#10;Command: [f33bfe72f71dd38d5809c3b7ea4b65de, get [url]]&#10;Capabilities {acceptInsecureCerts: false, browserName: chrome, browserVersion: 124.0.6367.79, chrome: {chromedriverVersion: 124.0.6367.78 (a087f2dd364d..., userDataDir: C:\Users\WAQAS~1.NAS\AppDat...}, fedcm:accounts: true, goog:chromeOptions: {debuggerAddress: localhost:59037}, networkConnectionEnabled: false, pageLoadStrategy: normal, platformName: windows, proxy: Proxy(), se:cdp: ws://localhost:59037/devtoo..., se:cdpVersion: 124.0.6367.79, setWindowRect: true, strictFileInteractability: false, timeouts: {implicit: 0, pageLoad: 300000, script: 30000}, unhandledPromptBehavior: dismiss and notify, webauthn:extension:credBlob: true, webauthn:extension:largeBlob: true, webauthn:extension:minPinLength: true, webauthn:extension:prf: true, webauthn:virtualAuthenticators: true}&#10;Session ID: f33bfe72f71dd38d5809c3b7ea4b65de"/>
    <system-out><![CDATA[!!!! onTestSkipped Method: Testcases_ToVerifyRegisterUserSuccessfully !!!!
]]></system-out>
  </testcase>
  <testcase name="Teardown" classname="TestCases_Package.SignupPageTestCases" time="0">
    <skipped/>
  </testcase>
  <testcase name="initiateBrowser" classname="TestCases_Package.ReviewPageTestCases" time="7.955">
    <failure message="Unresolved compilation problem: &#10;	The constructor WebDriverWait(WebDriver, int) is undefined&#10;" type="java.lang.Error"><![CDATA[java.lang.Error: 
Unresolved compilation problem: 
	The constructor WebDriverWait(WebDriver, int) is undefined

	at TestCases_Package.ReviewPageTestCases.initiateBrowser(ReviewPageTestCases.java:34)
]]></failure>
    <system-err><![CDATA[Apr 25, 2024 1:32:55 PM org.openqa.selenium.devtools.CdpVersionFinder findNearestMatch
WARNING: Unable to find an exact match for CDP version 124, returning the closest version; found: 123; Please update to a Selenium version that supports CDP version 124
]]></system-err>
  </testcase>
  <testcase name="userIsAbletoPlaceOrderForCustomDesktop" classname="TestCases_Package.ReviewPageTestCases" time="0">
    <skipped message="Unresolved compilation problem: &#10;	The constructor WebDriverWait(WebDriver, int) is undefined&#10;"/>
    <system-out><![CDATA[!!!! onTestSkipped Method: userIsAbletoPlaceOrderForCustomDesktop !!!!
]]></system-out>
  </testcase>
  <testcase name="Teardown" classname="TestCases_Package.ReviewPageTestCases" time="0">
    <skipped/>
  </testcase>
</testsuite>