<?xml version="1.0" encoding="UTF-8"?>
<testsuite name="Test"
           tests="3"
           failures="0"
           errors="0"
           skipped="3"
           time="0.000">
  <properties />
  
            <testcase name="Teardown" time="0.0" classname="TestCases_Package.SignupPageTestCases">
          <skipped />
    </testcase>
            <testcase name="initiateBrowser" time="0.0" classname="TestCases_Package.SignupPageTestCases">
          <skipped />
    </testcase>
            <testcase name="Testcases_ToRegisterUserSuccessfully" time="0.0" classname="TestCases_Package.SignupPageTestCases">
          <skipped />
    </testcase>
  
  
</testsuite>
