<?xml version="1.0" encoding="UTF-8"?>
<testsuite name="Chrome Test"
           tests="6"
           failures="0"
           errors="0"
           skipped="6"
           time="0.000">
  <properties />
  
            <testcase name="initiateBrowser" time="0.0" classname="TestCases_Package.OrderAndCartPageTestCases">
          <skipped />
    </testcase>
            <testcase name="Teardown" time="0.0" classname="TestCases_Package.OrderAndCartPageTestCases">
          <skipped />
    </testcase>
            <testcase name="VerifyplaceOrderOfDesktop" time="0.0" classname="TestCases_Package.OrderAndCartPageTestCases">
          <skipped />
    </testcase>
            <testcase name="VerifyplaceOrderofMobilePhone" time="0.0" classname="TestCases_Package.OrderAndCartPageTestCases">
          <skipped />
    </testcase>
            <testcase name="VerifythatUserIsAbleToUpdateShoppingCart" time="0.0" classname="TestCases_Package.OrderAndCartPageTestCases">
          <skipped />
    </testcase>
            <testcase name="VerifyplaceOrderOfAppleLaptop" time="0.0" classname="TestCases_Package.OrderAndCartPageTestCases">
          <skipped />
    </testcase>
  
  
</testsuite>
