<?xml version="1.0" encoding="UTF-8"?>
<testsuite name="Test"
           tests="3"
           failures="0"
           errors="0"
           skipped="3"
           time="0.000">
  <properties />
  
            <testcase name="beforeMethod" time="0.0" classname="TestCases_Package.ReviewPageTestCases">
          <skipped />
    </testcase>
            <testcase name="Teardown" time="0.0" classname="TestCases_Package.ReviewPageTestCases">
          <skipped />
    </testcase>
            <testcase name="userIsAbleToSubmittReviweForDesktop" time="0.0" classname="TestCases_Package.ReviewPageTestCases">
          <skipped />
    </testcase>
  
  
</testsuite>
