<?xml version="1.0" encoding="UTF-8"?>
<testsuite name="Edge Test"
           tests="3"
           failures="1"
           errors="0"
           skipped="2"
           time="7.642">
  <properties />
            <testcase name="initiateBrowser" time="7.642" classname="TestCases_Package.ReviewPageTestCases">
                <failure type="java.lang.Error"
                  message="Unresolved compilation problem: 
	The constructor WebDriverWait(WebDriver, int) is undefined
"
              >
<![CDATA[java.lang.Error: Unresolved compilation problem: 
	The constructor WebDriverWait(WebDriver, int) is undefined

  Pages_Package.LoginPage.Login_Testcases(LoginPage.java:53)
  TestCases_Package.ReviewPageTestCases.initiateBrowser(ReviewPageTestCases.java:34)
  java.base/jdk.internal.reflect.NativeMethodAccessorImpl.invoke0(Native Method)
  java.base/jdk.internal.reflect.NativeMethodAccessorImpl.invoke(NativeMethodAccessorImpl.java:77)
  java.base/jdk.internal.reflect.DelegatingMethodAccessorImpl.invoke(DelegatingMethodAccessorImpl.java:43)
  java.base/java.lang.reflect.Method.invoke(Method.java:568)
  org.testng.internal.invokers.MethodInvocationHelper.invokeMethod(MethodInvocationHelper.java:141)
  org.testng.internal.invokers.MethodInvocationHelper.invokeMethodConsideringTimeout(MethodInvocationHelper.java:71)
  org.testng.internal.invokers.ConfigInvoker.invokeConfigurationMethod(ConfigInvoker.java:400)
  org.testng.internal.invokers.ConfigInvoker.invokeConfigurations(ConfigInvoker.java:333)
  org.testng.TestRunner.invokeTestConfigurations(TestRunner.java:655)
  org.testng.TestRunner.beforeRun(TestRunner.java:644)
  org.testng.TestRunner.run(TestRunner.java:610)
  org.testng.SuiteRunner.runTest(SuiteRunner.java:421)
  org.testng.SuiteRunner.runSequentially(SuiteRunner.java:413)
  org.testng.SuiteRunner.privateRun(SuiteRunner.java:373)
  org.testng.SuiteRunner.run(SuiteRunner.java:312)
  org.testng.SuiteRunnerWorker.runSuite(SuiteRunnerWorker.java:52)
  org.testng.SuiteRunnerWorker.run(SuiteRunnerWorker.java:95)
  org.testng.TestNG.runSuitesSequentially(TestNG.java:1274)
  org.testng.TestNG.runSuitesLocally(TestNG.java:1208)
  org.testng.TestNG.runSuites(TestNG.java:1112)
  org.testng.TestNG.run(TestNG.java:1079)
  org.apache.maven.surefire.testng.TestNGExecutor.run(TestNGExecutor.java:284)
  org.apache.maven.surefire.testng.TestNGXmlTestSuite.execute(TestNGXmlTestSuite.java:75)
  org.apache.maven.surefire.testng.TestNGProvider.invoke(TestNGProvider.java:119)
  org.apache.maven.surefire.booter.ForkedBooter.runSuitesInProcess(ForkedBooter.java:428)
  org.apache.maven.surefire.booter.ForkedBooter.execute(ForkedBooter.java:162)
  org.apache.maven.surefire.booter.ForkedBooter.run(ForkedBooter.java:562)
  org.apache.maven.surefire.booter.ForkedBooter.main(ForkedBooter.java:548)
]]>
      </failure>

          </testcase>
  
            <testcase name="Teardown" time="0.0" classname="TestCases_Package.ReviewPageTestCases">
          <skipped />
    </testcase>
            <testcase name="userIsAbletoPlaceOrderForCustomDesktop" time="0.0" classname="TestCases_Package.ReviewPageTestCases">
          <skipped />
    </testcase>
  
  
</testsuite>
