<?xml version="1.0" encoding="UTF-8"?>
<!-- Generated by org.testng.reporters.JUnitXMLReporter -->
<testsuite ignored="1" hostname="NX00605" failures="0" tests="1" name="Edge Test" time="7.704" errors="0" timestamp="2024-04-25T13:33:01 PKT">
  <testcase classname="TestCases_Package.ReviewPageTestCases" name="userIsAbletoPlaceOrderForCustomDesktop" time="0.0">
    <skipped/>
  </testcase> <!-- userIsAbletoPlaceOrderForCustomDesktop -->
  <testcase classname="TestCases_Package.ReviewPageTestCases" name="userIsAbleToSubmittReviweForDesktop" time="0.0">
    <ignored/>
  </testcase> <!-- userIsAbleToSubmittReviweForDesktop -->
</testsuite> <!-- Edge Test -->
